<?xml version="1.0" encoding="UTF-8"?>
<testng-results skipped="0" failed="0" ignored="0" total="1" passed="1">
  <reporter-output>
  </reporter-output>
  <suite name="Default suite" duration-ms="17893" started-at="2020-09-12T18:16:13Z" finished-at="2020-09-12T18:16:31Z">
    <groups>
    </groups>
    <test name="Default test" duration-ms="17893" started-at="2020-09-12T18:16:13Z" finished-at="2020-09-12T18:16:31Z">
      <class name="com.TestRetrieveTaskApi.RetrieveApi">
        <test-method status="PASS" signature="setupResourcesForTest()[pri:0, instance:com.TestRetrieveTaskApi.RetrieveApi@271053e1]" name="setupResourcesForTest" is-config="true" duration-ms="75" started-at="2020-09-12T18:16:13Z" finished-at="2020-09-12T18:16:13Z">
          <reporter-output>
          </reporter-output>
        </test-method> <!-- setupResourcesForTest -->
        <test-method status="PASS" signature="getDataFromServer()[pri:0, instance:com.TestRetrieveTaskApi.RetrieveApi@271053e1]" name="getDataFromServer" duration-ms="15094" started-at="2020-09-12T18:16:13Z" finished-at="2020-09-12T18:16:28Z">
          <reporter-output>
          </reporter-output>
        </test-method> <!-- getDataFromServer -->
        <test-method status="PASS" signature="exportResults()[pri:0, instance:com.TestRetrieveTaskApi.RetrieveApi@271053e1]" name="exportResults" is-config="true" duration-ms="2647" started-at="2020-09-12T18:16:28Z" finished-at="2020-09-12T18:16:31Z">
          <reporter-output>
          </reporter-output>
        </test-method> <!-- exportResults -->
      </class> <!-- com.TestRetrieveTaskApi.RetrieveApi -->
    </test> <!-- Default test -->
  </suite> <!-- Default suite -->
</testng-results>
